GROUP,PACKAGE,CLASS,INSTRUCTION_MISSED,INSTRUCTION_COVERED,BRANCH_MISSED,BRANCH_COVERED,LINE_MISSED,LINE_COVERED,COMPLEXITY_MISSED,COMPLEXITY_COVERED,METHOD_MISSED,METHOD_COVERED
cities-graph,sam_wen.cities_graph,CitiesApplication,0,8,0,0,0,3,0,2,0,2
cities-graph,sam_wen.cities_graph,CitiesConfiguration,0,26,0,0,0,9,0,3,0,3
cities-graph,sam_wen.cities_graph,CitiesErrorHandler,0,17,0,0,0,6,0,4,0,4
cities-graph,sam_wen.cities_graph,ReadCitiesServiceFromFile,0,178,0,12,0,41,0,9,0,3
cities-graph,sam_wen.cities_graph,CitiesController,0,17,0,2,0,5,0,4,0,3
cities-graph,sam_wen.cities_graph,AdjacencyListGraph,0,215,0,36,0,70,0,24,0,6
